#
# A fatal error has been detected by the Java Runtime Environment:
#
#  Internal Error (javaClasses.cpp:129), pid=9795, tid=139991429400320
#  fatal error: Invalid layout of preloaded class
#
# JRE version: 7.0_09-b30
# Java VM: OpenJDK 64-Bit Server VM (23.2-b09 mixed mode linux-amd64 compressed oops)
# Failed to write core dump. Core dumps have been disabled. To enable core dumping, try "ulimit -c unlimited" before starting Java again
#
# If you would like to submit a bug report, please include
# instructions on how to reproduce the bug and visit:
#   http://icedtea.classpath.org/bugzilla
#

---------------  T H R E A D  ---------------

Current thread (0x00007f5244009000):  JavaThread "Unknown thread" [_thread_in_vm, id=9796, stack(0x00007f524b5bc000,0x00007f524b6bd000)]

Stack: [0x00007f524b5bc000,0x00007f524b6bd000],  sp=0x00007f524b6bb930,  free space=1022k
Native frames: (J=compiled Java code, j=interpreted, Vv=VM code, C=native code)
V  [libjvm.so+0x83b0a9]  JVM_handle_linux_signal+0x1545b9
V  [libjvm.so+0x3e7be3]  __printf_chk+0x3e7be3
V  [libjvm.so+0x51cd03]  AsyncGetCallTrace+0xce163
V  [libjvm.so+0x51cf89]  AsyncGetCallTrace+0xce3e9
V  [libjvm.so+0x7ca38d]  JVM_handle_linux_signal+0xe389d
V  [libjvm.so+0x817613]  JVM_handle_linux_signal+0x130b23
V  [libjvm.so+0x817ac2]  JVM_handle_linux_signal+0x130fd2
V  [libjvm.so+0x4d0b8a]  AsyncGetCallTrace+0x81fea
V  [libjvm.so+0x7fd8fc]  JVM_handle_linux_signal+0x116e0c
V  [libjvm.so+0x53a8ca]  JNI_CreateJavaVM+0x5a
C  [libjli.so+0x2837]  __strcat_chk+0x2837


---------------  P R O C E S S  ---------------

Java Threads: ( => current thread )

Other Threads:

=>0x00007f5244009000 (exited) JavaThread "Unknown thread" [_thread_in_vm, id=9796, stack(0x00007f524b5bc000,0x00007f524b6bd000)]

VM state:not at safepoint (not fully initialized)

VM Mutex/Monitor currently owned by a thread: None

GC Heap History (0 events):
No events

Deoptimization events (0 events):
No events

Internal exceptions (0 events):
No events

Events (10 events):
Event: 0.011 loading class 0x00007f52440275d0 done
Event: 0.011 loading class 0x00007f5244026e70 done
Event: 0.011 loading class 0x00007f5244026e40
Event: 0.011 loading class 0x00007f5244051d00
Event: 0.011 loading class 0x00007f5244051d00 done
Event: 0.011 loading class 0x00007f5244051d40
Event: 0.011 loading class 0x00007f5244051d40 done
Event: 0.011 loading class 0x00007f5244051d80
Event: 0.011 loading class 0x00007f5244051d80 done
Event: 0.011 loading class 0x00007f5244026e40 done


Dynamic libraries:
00400000-00401000 r-xp 00000000 08:06 1305604                            /usr/lib64/icedtea7/bin/java
00600000-00601000 r--p 00000000 08:06 1305604                            /usr/lib64/icedtea7/bin/java
00601000-00602000 rw-p 00001000 08:06 1305604                            /usr/lib64/icedtea7/bin/java
02061000-02082000 rw-p 00000000 00:00 0                                  [heap]
778c00000-77a0c0000 rw-p 00000000 00:00 0 
77a0c0000-783200000 rw-p 00000000 00:00 0 
783200000-788540000 rw-p 00000000 00:00 0 
788540000-7d6600000 rw-p 00000000 00:00 0 
7d6600000-7d8f90000 rw-p 00000000 00:00 0 
7d8f90000-800000000 rw-p 00000000 00:00 0 
7f5230000000-7f5230021000 rw-p 00000000 00:00 0 
7f5230021000-7f5234000000 ---p 00000000 00:00 0 
7f5238000000-7f5238021000 rw-p 00000000 00:00 0 
7f5238021000-7f523c000000 ---p 00000000 00:00 0 
7f523cc60000-7f5241000000 rw-p 00000000 00:00 0 
7f5241000000-7f5241270000 rwxp 00000000 00:00 0 
7f5241270000-7f524405c000 rw-p 00000000 00:00 0 
7f524405c000-7f5248000000 ---p 00000000 00:00 0 
7f5248aba000-7f5248b78000 r--s 00fac000 08:06 2767164                    /opt/android-sdk-linux/platforms/android-15/android.jar
7f5248b78000-7f5249c60000 rw-p 00000000 00:00 0 
7f5249c60000-7f5249c61000 ---p 00000000 00:00 0 
7f5249c61000-7f5249d61000 rw-p 00000000 00:00 0                          [stack:9801]
7f5249d61000-7f5249d62000 ---p 00000000 00:00 0 
7f5249d62000-7f5249e8c000 rw-p 00000000 00:00 0                          [stack:9799]
7f5249e8c000-7f524a0fc000 rw-p 00000000 00:00 0 
7f524a0fc000-7f524a107000 rw-p 00000000 00:00 0 
7f524a107000-7f524a14f000 rw-p 00000000 00:00 0 
7f524a14f000-7f524a179000 rw-p 00000000 00:00 0 
7f524a179000-7f524a3e9000 rw-p 00000000 00:00 0 
7f524a3e9000-7f524a3fe000 rw-p 00000000 00:00 0 
7f524a3fe000-7f524a536000 rw-p 00000000 00:00 0 
7f524a536000-7f524a537000 rw-p 00000000 00:00 0 
7f524a537000-7f524a53f000 r-xp 00000000 08:06 1367053                    /usr/lib64/icedtea7/jre/lib/amd64/libzip.so
7f524a53f000-7f524a73e000 ---p 00008000 08:06 1367053                    /usr/lib64/icedtea7/jre/lib/amd64/libzip.so
7f524a73e000-7f524a73f000 r--p 00007000 08:06 1367053                    /usr/lib64/icedtea7/jre/lib/amd64/libzip.so
7f524a73f000-7f524a740000 rw-p 00008000 08:06 1367053                    /usr/lib64/icedtea7/jre/lib/amd64/libzip.so
7f524a740000-7f524a74c000 r-xp 00000000 08:06 2388588                    /lib64/libnss_files-2.15.so
7f524a74c000-7f524a94b000 ---p 0000c000 08:06 2388588                    /lib64/libnss_files-2.15.so
7f524a94b000-7f524a94c000 r--p 0000b000 08:06 2388588                    /lib64/libnss_files-2.15.so
7f524a94c000-7f524a94d000 rw-p 0000c000 08:06 2388588                    /lib64/libnss_files-2.15.so
7f524a94d000-7f524a957000 r-xp 00000000 08:06 2388608                    /lib64/libnss_nis-2.15.so
7f524a957000-7f524ab56000 ---p 0000a000 08:06 2388608                    /lib64/libnss_nis-2.15.so
7f524ab56000-7f524ab57000 r--p 00009000 08:06 2388608                    /lib64/libnss_nis-2.15.so
7f524ab57000-7f524ab58000 rw-p 0000a000 08:06 2388608                    /lib64/libnss_nis-2.15.so
7f524ab58000-7f524ab6d000 r-xp 00000000 08:06 2388607                    /lib64/libnsl-2.15.so
7f524ab6d000-7f524ad6c000 ---p 00015000 08:06 2388607                    /lib64/libnsl-2.15.so
7f524ad6c000-7f524ad6d000 r--p 00014000 08:06 2388607                    /lib64/libnsl-2.15.so
7f524ad6d000-7f524ad6e000 rw-p 00015000 08:06 2388607                    /lib64/libnsl-2.15.so
7f524ad6e000-7f524ad70000 rw-p 00000000 00:00 0 
7f524ad70000-7f524ad78000 r-xp 00000000 08:06 2388609                    /lib64/libnss_compat-2.15.so
7f524ad78000-7f524af77000 ---p 00008000 08:06 2388609                    /lib64/libnss_compat-2.15.so
7f524af77000-7f524af78000 r--p 00007000 08:06 2388609                    /lib64/libnss_compat-2.15.so
7f524af78000-7f524af79000 rw-p 00008000 08:06 2388609                    /lib64/libnss_compat-2.15.so
7f524af79000-7f524afa2000 r-xp 00000000 08:06 1367057                    /usr/lib64/icedtea7/jre/lib/amd64/libjava.so
7f524afa2000-7f524b1a1000 ---p 00029000 08:06 1367057                    /usr/lib64/icedtea7/jre/lib/amd64/libjava.so
7f524b1a1000-7f524b1a2000 r--p 00028000 08:06 1367057                    /usr/lib64/icedtea7/jre/lib/amd64/libjava.so
7f524b1a2000-7f524b1a4000 rw-p 00029000 08:06 1367057                    /usr/lib64/icedtea7/jre/lib/amd64/libjava.so
7f524b1a4000-7f524b1b1000 r-xp 00000000 08:06 1367081                    /usr/lib64/icedtea7/jre/lib/amd64/libverify.so
7f524b1b1000-7f524b3b0000 ---p 0000d000 08:06 1367081                    /usr/lib64/icedtea7/jre/lib/amd64/libverify.so
7f524b3b0000-7f524b3b2000 r--p 0000c000 08:06 1367081                    /usr/lib64/icedtea7/jre/lib/amd64/libverify.so
7f524b3b2000-7f524b3b3000 rw-p 0000e000 08:06 1367081                    /usr/lib64/icedtea7/jre/lib/amd64/libverify.so
7f524b3b3000-7f524b3bb000 r-xp 00000000 08:06 2388590                    /lib64/librt-2.15.so
7f524b3bb000-7f524b5ba000 ---p 00008000 08:06 2388590                    /lib64/librt-2.15.so
7f524b5ba000-7f524b5bb000 r--p 00007000 08:06 2388590                    /lib64/librt-2.15.so
7f524b5bb000-7f524b5bc000 rw-p 00008000 08:06 2388590                    /lib64/librt-2.15.so
7f524b5bc000-7f524b5bf000 ---p 00000000 00:00 0 
7f524b5bf000-7f524b6bd000 rw-p 00000000 00:00 0                          [stack:9796]
7f524b6bd000-7f524b6d2000 r-xp 00000000 08:06 1238523                    /usr/lib64/gcc/x86_64-pc-linux-gnu/4.6.3/libgcc_s.so.1
7f524b6d2000-7f524b8d1000 ---p 00015000 08:06 1238523                    /usr/lib64/gcc/x86_64-pc-linux-gnu/4.6.3/libgcc_s.so.1
7f524b8d1000-7f524b8d2000 r--p 00014000 08:06 1238523                    /usr/lib64/gcc/x86_64-pc-linux-gnu/4.6.3/libgcc_s.so.1
7f524b8d2000-7f524b8d3000 rw-p 00015000 08:06 1238523                    /usr/lib64/gcc/x86_64-pc-linux-gnu/4.6.3/libgcc_s.so.1
7f524b8d3000-7f524b9c8000 r-xp 00000000 08:06 2388565                    /lib64/libm-2.15.so
7f524b9c8000-7f524bbc7000 ---p 000f5000 08:06 2388565                    /lib64/libm-2.15.so
7f524bbc7000-7f524bbc8000 r--p 000f4000 08:06 2388565                    /lib64/libm-2.15.so
7f524bbc8000-7f524bbc9000 rw-p 000f5000 08:06 2388565                    /lib64/libm-2.15.so
7f524bbc9000-7f524bcae000 r-xp 00000000 08:06 1238583                    /usr/lib64/gcc/x86_64-pc-linux-gnu/4.6.3/libstdc++.so.6.0.16
7f524bcae000-7f524beae000 ---p 000e5000 08:06 1238583                    /usr/lib64/gcc/x86_64-pc-linux-gnu/4.6.3/libstdc++.so.6.0.16
7f524beae000-7f524beb6000 r--p 000e5000 08:06 1238583                    /usr/lib64/gcc/x86_64-pc-linux-gnu/4.6.3/libstdc++.so.6.0.16
7f524beb6000-7f524beb8000 rw-p 000ed000 08:06 1238583                    /usr/lib64/gcc/x86_64-pc-linux-gnu/4.6.3/libstdc++.so.6.0.16
7f524beb8000-7f524becd000 rw-p 00000000 00:00 0 
7f524bf18000-7f524c8f1000 r-xp 00000000 08:06 1367048                    /usr/lib64/icedtea7/jre/lib/amd64/server/libjvm.so
7f524c8f1000-7f524caf0000 ---p 009d9000 08:06 1367048                    /usr/lib64/icedtea7/jre/lib/amd64/server/libjvm.so
7f524caf0000-7f524cb6f000 r--p 009d8000 08:06 1367048                    /usr/lib64/icedtea7/jre/lib/amd64/server/libjvm.so
7f524cb6f000-7f524cb92000 rw-p 00a57000 08:06 1367048                    /usr/lib64/icedtea7/jre/lib/amd64/server/libjvm.so
7f524cb92000-7f524cbbc000 rw-p 00000000 00:00 0 
7f524cbbc000-7f524cd5b000 r-xp 00000000 08:06 2388617                    /lib64/libc-2.15.so
7f524cd5b000-7f524cf5a000 ---p 0019f000 08:06 2388617                    /lib64/libc-2.15.so
7f524cf5a000-7f524cf5e000 r--p 0019e000 08:06 2388617                    /lib64/libc-2.15.so
7f524cf5e000-7f524cf60000 rw-p 001a2000 08:06 2388617                    /lib64/libc-2.15.so
7f524cf60000-7f524cf64000 rw-p 00000000 00:00 0 
7f524cf64000-7f524cf66000 r-xp 00000000 08:06 2388566                    /lib64/libdl-2.15.so
7f524cf66000-7f524d166000 ---p 00002000 08:06 2388566                    /lib64/libdl-2.15.so
7f524d166000-7f524d167000 r--p 00002000 08:06 2388566                    /lib64/libdl-2.15.so
7f524d167000-7f524d168000 rw-p 00003000 08:06 2388566                    /lib64/libdl-2.15.so
7f524d168000-7f524d17d000 r-xp 00000000 08:06 1349738                    /lib64/libz.so.1.2.7
7f524d17d000-7f524d37c000 ---p 00015000 08:06 1349738                    /lib64/libz.so.1.2.7
7f524d37c000-7f524d37d000 r--p 00014000 08:06 1349738                    /lib64/libz.so.1.2.7
7f524d37d000-7f524d37e000 rw-p 00015000 08:06 1349738                    /lib64/libz.so.1.2.7
7f524d37e000-7f524d38a000 r-xp 00000000 08:06 1367047                    /usr/lib64/icedtea7/jre/lib/amd64/jli/libjli.so
7f524d38a000-7f524d58a000 ---p 0000c000 08:06 1367047                    /usr/lib64/icedtea7/jre/lib/amd64/jli/libjli.so
7f524d58a000-7f524d58b000 r--p 0000c000 08:06 1367047                    /usr/lib64/icedtea7/jre/lib/amd64/jli/libjli.so
7f524d58b000-7f524d58c000 rw-p 0000d000 08:06 1367047                    /usr/lib64/icedtea7/jre/lib/amd64/jli/libjli.so
7f524d58c000-7f524d5a4000 r-xp 00000000 08:06 2388582                    /lib64/libpthread-2.15.so
7f524d5a4000-7f524d7a3000 ---p 00018000 08:06 2388582                    /lib64/libpthread-2.15.so
7f524d7a3000-7f524d7a4000 r--p 00017000 08:06 2388582                    /lib64/libpthread-2.15.so
7f524d7a4000-7f524d7a5000 rw-p 00018000 08:06 2388582                    /lib64/libpthread-2.15.so
7f524d7a5000-7f524d7a9000 rw-p 00000000 00:00 0 
7f524d7a9000-7f524d7ca000 r-xp 00000000 08:06 2388559                    /lib64/ld-2.15.so
7f524d833000-7f524d871000 rw-p 00000000 00:00 0 
7f524d871000-7f524d8b9000 rw-p 00000000 00:00 0 
7f524d8b9000-7f524d8c3000 rw-p 00000000 00:00 0 
7f524d8c3000-7f524d979000 rw-p 00000000 00:00 0 
7f524d979000-7f524d97e000 rw-p 00000000 00:00 0 
7f524d995000-7f524d9bf000 rw-p 00000000 00:00 0 
7f524d9bf000-7f524d9c7000 rw-s 00000000 08:06 3034333                    /tmp/hsperfdata_fabian/9795
7f524d9c7000-7f524d9c8000 rw-p 00000000 00:00 0 
7f524d9c8000-7f524d9c9000 r--p 00000000 00:00 0 
7f524d9c9000-7f524d9ca000 rw-p 00000000 00:00 0 
7f524d9ca000-7f524d9cb000 r--p 00021000 08:06 2388559                    /lib64/ld-2.15.so
7f524d9cb000-7f524d9cc000 rw-p 00022000 08:06 2388559                    /lib64/ld-2.15.so
7f524d9cc000-7f524d9cd000 rw-p 00000000 00:00 0 
7fff05522000-7fff05544000 rw-p 00000000 00:00 0                          [stack]
7fff055ff000-7fff05600000 r-xp 00000000 00:00 0                          [vdso]
ffffffffff600000-ffffffffff601000 r-xp 00000000 00:00 0                  [vsyscall]

VM Arguments:
jvm_args: -Dfile.encoding=UTF-8 -Xbootclasspath:/opt/android-sdk-linux/platforms/android-15/android.jar 
java_command: scala.tools.nsc.MainGenericRunner -Xnojline -classpath /opt/eclipse/configuration/org.eclipse.osgi/bundles/843/1/.cp/lib/scala-library.jar:/opt/eclipse/configuration/org.eclipse.osgi/bundles/843/1/.cp/lib/scala-dbc.jar:/opt/eclipse/configuration/org.eclipse.osgi/bundles/843/1/.cp/lib/scala-swing.jar:/opt/eclipse/configuration/org.eclipse.osgi/bundles/842/1/.cp/lib/scala-compiler.jar:/home/fabian/code/workspace-scala/Mensa-Product-Recomentation/bin/classes:/opt/android-sdk-linux/tools/support/annotations.jar:/home/fabian/code/workspace-scala/Mensa-Product-Recomentation/libs/android-support-v4.jar
Launcher Type: SUN_STANDARD

Environment Variables:
JAVA_HOME=/home/fabian/.gentoo/java-config-2/current-user-vm
PATH=/opt/android-sdk-linux/platform-tools/:/usr/local/bin:/usr/bin:/bin:/opt/bin:/usr/x86_64-pc-linux-gnu/gcc-bin/4.6.3:/usr/games/bin
SHELL=/bin/bash
DISPLAY=:0.0

Signal Handlers:
SIGSEGV: [libjvm.so+0x83bb20], sa_mask[0]=0x7ffbfeff, sa_flags=0x10000004
SIGBUS: [libjvm.so+0x83bb20], sa_mask[0]=0x7ffbfeff, sa_flags=0x10000004
SIGFPE: [libjvm.so+0x6dcec0], sa_mask[0]=0x7ffbfeff, sa_flags=0x10000004
SIGPIPE: [libjvm.so+0x6dcec0], sa_mask[0]=0x7ffbfeff, sa_flags=0x10000004
SIGXFSZ: [libjvm.so+0x6dcec0], sa_mask[0]=0x7ffbfeff, sa_flags=0x10000004
SIGILL: [libjvm.so+0x6dcec0], sa_mask[0]=0x7ffbfeff, sa_flags=0x10000004
SIGUSR1: SIG_DFL, sa_mask[0]=0x00000000, sa_flags=0x00000000
SIGUSR2: [libjvm.so+0x6dd250], sa_mask[0]=0x00000004, sa_flags=0x10000004
SIGHUP: SIG_DFL, sa_mask[0]=0x00000000, sa_flags=0x00000000
SIGINT: SIG_DFL, sa_mask[0]=0x00000000, sa_flags=0x00000000
SIGTERM: SIG_DFL, sa_mask[0]=0x00000000, sa_flags=0x00000000
SIGQUIT: SIG_DFL, sa_mask[0]=0x00000000, sa_flags=0x00000000


---------------  S Y S T E M  ---------------

OS:Gentoo Base System release 2.2

uname:Linux 3.7.0-sabayon #1 SMP Sat Dec 15 00:11:54 CET 2012 x86_64
libc:glibc 2.15 NPTL 2.15 
rlimit: STACK 8192k, CORE 0k, NPROC 1300, NOFILE 4096, AS infinity
load average:0.47 0.49 0.48

/proc/meminfo:
MemTotal:        8176288 kB
MemFree:          337440 kB
Buffers:         1871124 kB
Cached:          1549932 kB
SwapCached:           28 kB
Active:          4721160 kB
Inactive:        2258216 kB
Active(anon):    3158576 kB
Inactive(anon):   443596 kB
Active(file):    1562584 kB
Inactive(file):  1814620 kB
Unevictable:           0 kB
Mlocked:               0 kB
SwapTotal:       2097132 kB
SwapFree:        2096784 kB
Dirty:               388 kB
Writeback:             0 kB
AnonPages:       3558432 kB
Mapped:           214004 kB
Shmem:             43804 kB
Slab:             540852 kB
SReclaimable:     418364 kB
SUnreclaim:       122488 kB
KernelStack:        4312 kB
PageTables:        32912 kB
NFS_Unstable:          0 kB
Bounce:                0 kB
WritebackTmp:          0 kB
CommitLimit:     6185276 kB
Committed_AS:    6427432 kB
VmallocTotal:   34359738367 kB
VmallocUsed:      369368 kB
VmallocChunk:   34359361508 kB
HardwareCorrupted:     0 kB
AnonHugePages:   1873920 kB
HugePages_Total:       0
HugePages_Free:        0
HugePages_Rsvd:        0
HugePages_Surp:        0
Hugepagesize:       2048 kB
DirectMap4k:     2012608 kB
DirectMap2M:     6375424 kB


CPU:total 2 (2 cores per cpu, 1 threads per core) family 6 model 23 stepping 10, cmov, cx8, fxsr, mmx, sse, sse2, sse3, ssse3, sse4.1, tsc

/proc/cpuinfo:
processor	: 0
vendor_id	: GenuineIntel
cpu family	: 6
model		: 23
model name	: Intel(R) Core(TM)2 Duo CPU     E8400  @ 3.00GHz
stepping	: 10
microcode	: 0xa07
cpu MHz		: 2670.000
cache size	: 6144 KB
physical id	: 0
siblings	: 2
core id		: 0
cpu cores	: 2
apicid		: 0
initial apicid	: 0
fpu		: yes
fpu_exception	: yes
cpuid level	: 13
wp		: yes
flags		: fpu vme de pse tsc msr pae mce cx8 apic sep mtrr pge mca cmov pat pse36 clflush dts acpi mmx fxsr sse sse2 ss ht tm pbe syscall nx lm constant_tsc arch_perfmon pebs bts rep_good nopl aperfmperf pni dtes64 monitor ds_cpl vmx smx est tm2 ssse3 cx16 xtpr pdcm sse4_1 xsave lahf_lm dtherm tpr_shadow vnmi flexpriority
bogomips	: 5998.87
clflush size	: 64
cache_alignment	: 64
address sizes	: 36 bits physical, 48 bits virtual
power management:

processor	: 1
vendor_id	: GenuineIntel
cpu family	: 6
model		: 23
model name	: Intel(R) Core(TM)2 Duo CPU     E8400  @ 3.00GHz
stepping	: 10
microcode	: 0xa07
cpu MHz		: 3003.000
cache size	: 6144 KB
physical id	: 0
siblings	: 2
core id		: 1
cpu cores	: 2
apicid		: 1
initial apicid	: 1
fpu		: yes
fpu_exception	: yes
cpuid level	: 13
wp		: yes
flags		: fpu vme de pse tsc msr pae mce cx8 apic sep mtrr pge mca cmov pat pse36 clflush dts acpi mmx fxsr sse sse2 ss ht tm pbe syscall nx lm constant_tsc arch_perfmon pebs bts rep_good nopl aperfmperf pni dtes64 monitor ds_cpl vmx smx est tm2 ssse3 cx16 xtpr pdcm sse4_1 xsave lahf_lm dtherm tpr_shadow vnmi flexpriority
bogomips	: 5998.87
clflush size	: 64
cache_alignment	: 64
address sizes	: 36 bits physical, 48 bits virtual
power management:



Memory: 4k page, physical 8176288k(337440k free), swap 2097132k(2096784k free)

vm_info: OpenJDK 64-Bit Server VM (23.2-b09) for linux-amd64 JRE (1.7.0_09-b30), built on Dec 20 2012 21:03:07 by "root" with gcc 4.6.3

time: Thu Jan  3 16:23:00 2013
elapsed time: 0 seconds

